<?xml version="1.0" encoding="UTF-8"?>
<!-- Generated by org.testng.reporters.JUnitReportReporter -->
<testsuite skipped="0" hostname="Mohammeds-MBP.cable.rcn.com" name="ups.nj.myrunner.LoginRunner" tests="2" failures="0" timestamp="2021-04-10T19:20:10 EDT" time="26.017" errors="0">
  <testcase name="feature" time="18.473" classname="ups.nj.myrunner.LoginRunner"/>
  <system-out/>
  <testcase name="feature" time="7.544" classname="ups.nj.myrunner.LoginRunner"/>
  <system-out/>
</testsuite> <!-- ups.nj.myrunner.LoginRunner -->
