<?xml version="1.0" encoding="UTF-8"?>
<!-- Generated by org.testng.reporters.JUnitReportReporter -->
<testsuite skipped="0" hostname="Mohammeds-MBP.cable.rcn.com" name="ups.api.dummy.GetReq" tests="2" failures="0" timestamp="2021-05-22T18:07:34 EDT" time="2.793" errors="0">
  <testcase name="getRequest" time="0.130" classname="ups.api.dummy.GetReq"/>
  <system-out/>
  <testcase name="GetMethodRestAssuredBDD" time="2.663" classname="ups.api.dummy.GetReq"/>
  <system-out/>
</testsuite> <!-- ups.api.dummy.GetReq -->
