<?xml version="1.0" encoding="UTF-8"?>
<!-- Generated by org.testng.reporters.JUnitReportReporter -->
<testsuite skipped="0" hostname="Mohammeds-MBP.cable.rcn.com" name="ups.nj.myrunner.LoginRunner" tests="1" failures="0" timestamp="2021-04-17T15:15:13 EDT" time="8.913" errors="0">
  <testcase name="feature" time="8.913" classname="ups.nj.myrunner.LoginRunner"/>
  <system-out/>
</testsuite> <!-- ups.nj.myrunner.LoginRunner -->
