<?xml version="1.0" encoding="UTF-8"?>
<!-- Generated by org.testng.reporters.JUnitReportReporter -->
<testsuite skipped="0" hostname="Mohammeds-MBP.cable.rcn.com" name="ups.nj.myrunner.LoginRunner" tests="1" failures="0" timestamp="2021-04-10T16:16:07 EDT" time="18.065" errors="0">
  <testcase name="feature" time="18.065" classname="ups.nj.myrunner.LoginRunner"/>
  <system-out/>
</testsuite> <!-- ups.nj.myrunner.LoginRunner -->
